ARM GAS  C:\Users\wmd\AppData\Local\Temp\ccQubt3Q.s 			page 1


   1              		.cpu cortex-m0
   2              		.fpu softvfp
   3              		.eabi_attribute 20, 1
   4              		.eabi_attribute 21, 1
   5              		.eabi_attribute 23, 3
   6              		.eabi_attribute 24, 1
   7              		.eabi_attribute 25, 1
   8              		.eabi_attribute 26, 1
   9              		.eabi_attribute 30, 6
  10              		.eabi_attribute 34, 0
  11              		.eabi_attribute 18, 4
  12              		.code	16
  13              		.file	"cyfitter_cfg.c"
  14              		.text
  15              	.Ltext0:
  16              		.cfi_sections	.debug_frame
  17              		.section	.text.CYMEMZERO,"ax",%progbits
  18              		.align	2
  19              		.code	16
  20              		.thumb_func
  21              		.type	CYMEMZERO, %function
  22              	CYMEMZERO:
  23              	.LFB2:
  24              		.file 1 ".\\Generated_Source\\PSoC4\\cyfitter_cfg.c"
   1:.\Generated_Source\PSoC4/cyfitter_cfg.c **** /*******************************************************************************
   2:.\Generated_Source\PSoC4/cyfitter_cfg.c **** * FILENAME: cyfitter_cfg.c
   3:.\Generated_Source\PSoC4/cyfitter_cfg.c **** * 
   4:.\Generated_Source\PSoC4/cyfitter_cfg.c **** * PSoC Creator  3.2
   5:.\Generated_Source\PSoC4/cyfitter_cfg.c **** *
   6:.\Generated_Source\PSoC4/cyfitter_cfg.c **** * DESCRIPTION:
   7:.\Generated_Source\PSoC4/cyfitter_cfg.c **** * This file contains device initialization code.
   8:.\Generated_Source\PSoC4/cyfitter_cfg.c **** * Except for the user defined sections in CyClockStartupError(), this file should not be modified.
   9:.\Generated_Source\PSoC4/cyfitter_cfg.c **** * This file is automatically generated by PSoC Creator.
  10:.\Generated_Source\PSoC4/cyfitter_cfg.c **** *
  11:.\Generated_Source\PSoC4/cyfitter_cfg.c **** ********************************************************************************
  12:.\Generated_Source\PSoC4/cyfitter_cfg.c **** * Copyright (c) 2007-2015 Cypress Semiconductor.  All rights reserved.
  13:.\Generated_Source\PSoC4/cyfitter_cfg.c **** * You may use this file only in accordance with the license, terms, conditions, 
  14:.\Generated_Source\PSoC4/cyfitter_cfg.c **** * disclaimers, and limitations in the end user license agreement accompanying 
  15:.\Generated_Source\PSoC4/cyfitter_cfg.c **** * the software package with which this file was provided.
  16:.\Generated_Source\PSoC4/cyfitter_cfg.c **** ********************************************************************************/
  17:.\Generated_Source\PSoC4/cyfitter_cfg.c **** 
  18:.\Generated_Source\PSoC4/cyfitter_cfg.c **** #include <string.h>
  19:.\Generated_Source\PSoC4/cyfitter_cfg.c **** #include "cytypes.h"
  20:.\Generated_Source\PSoC4/cyfitter_cfg.c **** #include "cydevice_trm.h"
  21:.\Generated_Source\PSoC4/cyfitter_cfg.c **** #include "cyfitter.h"
  22:.\Generated_Source\PSoC4/cyfitter_cfg.c **** #include "CyLib.h"
  23:.\Generated_Source\PSoC4/cyfitter_cfg.c **** #include "cyfitter_cfg.h"
  24:.\Generated_Source\PSoC4/cyfitter_cfg.c **** 
  25:.\Generated_Source\PSoC4/cyfitter_cfg.c **** 
  26:.\Generated_Source\PSoC4/cyfitter_cfg.c **** #if defined(__GNUC__) || defined(__ARMCC_VERSION)
  27:.\Generated_Source\PSoC4/cyfitter_cfg.c ****     #define CYPACKED 
  28:.\Generated_Source\PSoC4/cyfitter_cfg.c ****     #define CYPACKED_ATTR __attribute__ ((packed))
  29:.\Generated_Source\PSoC4/cyfitter_cfg.c ****     #define CYALIGNED __attribute__ ((aligned))
  30:.\Generated_Source\PSoC4/cyfitter_cfg.c ****     #define CY_CFG_UNUSED __attribute__ ((unused))
  31:.\Generated_Source\PSoC4/cyfitter_cfg.c ****     #define CY_CFG_SECTION __attribute__ ((section(".psocinit")))
  32:.\Generated_Source\PSoC4/cyfitter_cfg.c ****     
  33:.\Generated_Source\PSoC4/cyfitter_cfg.c ****     #if defined(__ARMCC_VERSION)
ARM GAS  C:\Users\wmd\AppData\Local\Temp\ccQubt3Q.s 			page 2


  34:.\Generated_Source\PSoC4/cyfitter_cfg.c ****         #define CY_CFG_MEMORY_BARRIER() __memory_changed()
  35:.\Generated_Source\PSoC4/cyfitter_cfg.c ****     #else
  36:.\Generated_Source\PSoC4/cyfitter_cfg.c ****         #define CY_CFG_MEMORY_BARRIER() __sync_synchronize()
  37:.\Generated_Source\PSoC4/cyfitter_cfg.c ****     #endif
  38:.\Generated_Source\PSoC4/cyfitter_cfg.c ****     
  39:.\Generated_Source\PSoC4/cyfitter_cfg.c **** #elif defined(__ICCARM__)
  40:.\Generated_Source\PSoC4/cyfitter_cfg.c ****     #include <intrinsics.h>
  41:.\Generated_Source\PSoC4/cyfitter_cfg.c **** 
  42:.\Generated_Source\PSoC4/cyfitter_cfg.c ****     #define CYPACKED __packed
  43:.\Generated_Source\PSoC4/cyfitter_cfg.c ****     #define CYPACKED_ATTR 
  44:.\Generated_Source\PSoC4/cyfitter_cfg.c ****     #define CYALIGNED _Pragma("data_alignment=4")
  45:.\Generated_Source\PSoC4/cyfitter_cfg.c ****     #define CY_CFG_UNUSED _Pragma("diag_suppress=Pe177")
  46:.\Generated_Source\PSoC4/cyfitter_cfg.c ****     #define CY_CFG_SECTION _Pragma("location=\".psocinit\"")
  47:.\Generated_Source\PSoC4/cyfitter_cfg.c ****     
  48:.\Generated_Source\PSoC4/cyfitter_cfg.c ****     #define CY_CFG_MEMORY_BARRIER() __DMB()
  49:.\Generated_Source\PSoC4/cyfitter_cfg.c ****     
  50:.\Generated_Source\PSoC4/cyfitter_cfg.c **** #else
  51:.\Generated_Source\PSoC4/cyfitter_cfg.c ****     #error Unsupported toolchain
  52:.\Generated_Source\PSoC4/cyfitter_cfg.c **** #endif
  53:.\Generated_Source\PSoC4/cyfitter_cfg.c **** 
  54:.\Generated_Source\PSoC4/cyfitter_cfg.c **** 
  55:.\Generated_Source\PSoC4/cyfitter_cfg.c **** CY_CFG_UNUSED
  56:.\Generated_Source\PSoC4/cyfitter_cfg.c **** static void CYMEMZERO(void *s, size_t n);
  57:.\Generated_Source\PSoC4/cyfitter_cfg.c **** CY_CFG_UNUSED
  58:.\Generated_Source\PSoC4/cyfitter_cfg.c **** static void CYMEMZERO(void *s, size_t n)
  59:.\Generated_Source\PSoC4/cyfitter_cfg.c **** {
  25              		.loc 1 59 0
  26              		.cfi_startproc
  27 0000 80B5     		push	{r7, lr}
  28              		.cfi_def_cfa_offset 8
  29              		.cfi_offset 7, -8
  30              		.cfi_offset 14, -4
  31 0002 82B0     		sub	sp, sp, #8
  32              		.cfi_def_cfa_offset 16
  33 0004 00AF     		add	r7, sp, #0
  34              		.cfi_def_cfa_register 7
  35 0006 7860     		str	r0, [r7, #4]
  36 0008 3960     		str	r1, [r7]
  60:.\Generated_Source\PSoC4/cyfitter_cfg.c **** 	(void)memset(s, 0, n);
  37              		.loc 1 60 0
  38 000a 7A68     		ldr	r2, [r7, #4]
  39 000c 3B68     		ldr	r3, [r7]
  40 000e 101C     		mov	r0, r2
  41 0010 0021     		mov	r1, #0
  42 0012 1A1C     		mov	r2, r3
  43 0014 FFF7FEFF 		bl	memset
  61:.\Generated_Source\PSoC4/cyfitter_cfg.c **** }
  44              		.loc 1 61 0
  45 0018 BD46     		mov	sp, r7
  46 001a 02B0     		add	sp, sp, #8
  47              		@ sp needed
  48 001c 80BD     		pop	{r7, pc}
  49              		.cfi_endproc
  50              	.LFE2:
  51              		.size	CYMEMZERO, .-CYMEMZERO
  52 001e C046     		.section	.text.CYCONFIGCPY,"ax",%progbits
  53              		.align	2
ARM GAS  C:\Users\wmd\AppData\Local\Temp\ccQubt3Q.s 			page 3


  54              		.code	16
  55              		.thumb_func
  56              		.type	CYCONFIGCPY, %function
  57              	CYCONFIGCPY:
  58              	.LFB3:
  62:.\Generated_Source\PSoC4/cyfitter_cfg.c **** CY_CFG_UNUSED
  63:.\Generated_Source\PSoC4/cyfitter_cfg.c **** static void CYCONFIGCPY(void *dest, const void *src, size_t n);
  64:.\Generated_Source\PSoC4/cyfitter_cfg.c **** CY_CFG_UNUSED
  65:.\Generated_Source\PSoC4/cyfitter_cfg.c **** static void CYCONFIGCPY(void *dest, const void *src, size_t n)
  66:.\Generated_Source\PSoC4/cyfitter_cfg.c **** {
  59              		.loc 1 66 0
  60              		.cfi_startproc
  61 0000 80B5     		push	{r7, lr}
  62              		.cfi_def_cfa_offset 8
  63              		.cfi_offset 7, -8
  64              		.cfi_offset 14, -4
  65 0002 84B0     		sub	sp, sp, #16
  66              		.cfi_def_cfa_offset 24
  67 0004 00AF     		add	r7, sp, #0
  68              		.cfi_def_cfa_register 7
  69 0006 F860     		str	r0, [r7, #12]
  70 0008 B960     		str	r1, [r7, #8]
  71 000a 7A60     		str	r2, [r7, #4]
  67:.\Generated_Source\PSoC4/cyfitter_cfg.c **** 	(void)memcpy(dest, src, n);
  72              		.loc 1 67 0
  73 000c F968     		ldr	r1, [r7, #12]
  74 000e BA68     		ldr	r2, [r7, #8]
  75 0010 7B68     		ldr	r3, [r7, #4]
  76 0012 081C     		mov	r0, r1
  77 0014 111C     		mov	r1, r2
  78 0016 1A1C     		mov	r2, r3
  79 0018 FFF7FEFF 		bl	memcpy
  68:.\Generated_Source\PSoC4/cyfitter_cfg.c **** }
  80              		.loc 1 68 0
  81 001c BD46     		mov	sp, r7
  82 001e 04B0     		add	sp, sp, #16
  83              		@ sp needed
  84 0020 80BD     		pop	{r7, pc}
  85              		.cfi_endproc
  86              	.LFE3:
  87              		.size	CYCONFIGCPY, .-CYCONFIGCPY
  88 0022 C046     		.section	.text.CYCONFIGCPYCODE,"ax",%progbits
  89              		.align	2
  90              		.code	16
  91              		.thumb_func
  92              		.type	CYCONFIGCPYCODE, %function
  93              	CYCONFIGCPYCODE:
  94              	.LFB4:
  69:.\Generated_Source\PSoC4/cyfitter_cfg.c **** CY_CFG_UNUSED
  70:.\Generated_Source\PSoC4/cyfitter_cfg.c **** static void CYCONFIGCPYCODE(void *dest, const void *src, size_t n);
  71:.\Generated_Source\PSoC4/cyfitter_cfg.c **** CY_CFG_UNUSED
  72:.\Generated_Source\PSoC4/cyfitter_cfg.c **** static void CYCONFIGCPYCODE(void *dest, const void *src, size_t n)
  73:.\Generated_Source\PSoC4/cyfitter_cfg.c **** {
  95              		.loc 1 73 0
  96              		.cfi_startproc
  97 0000 80B5     		push	{r7, lr}
  98              		.cfi_def_cfa_offset 8
ARM GAS  C:\Users\wmd\AppData\Local\Temp\ccQubt3Q.s 			page 4


  99              		.cfi_offset 7, -8
 100              		.cfi_offset 14, -4
 101 0002 84B0     		sub	sp, sp, #16
 102              		.cfi_def_cfa_offset 24
 103 0004 00AF     		add	r7, sp, #0
 104              		.cfi_def_cfa_register 7
 105 0006 F860     		str	r0, [r7, #12]
 106 0008 B960     		str	r1, [r7, #8]
 107 000a 7A60     		str	r2, [r7, #4]
  74:.\Generated_Source\PSoC4/cyfitter_cfg.c **** 	(void)memcpy(dest, src, n);
 108              		.loc 1 74 0
 109 000c F968     		ldr	r1, [r7, #12]
 110 000e BA68     		ldr	r2, [r7, #8]
 111 0010 7B68     		ldr	r3, [r7, #4]
 112 0012 081C     		mov	r0, r1
 113 0014 111C     		mov	r1, r2
 114 0016 1A1C     		mov	r2, r3
 115 0018 FFF7FEFF 		bl	memcpy
  75:.\Generated_Source\PSoC4/cyfitter_cfg.c **** }
 116              		.loc 1 75 0
 117 001c BD46     		mov	sp, r7
 118 001e 04B0     		add	sp, sp, #16
 119              		@ sp needed
 120 0020 80BD     		pop	{r7, pc}
 121              		.cfi_endproc
 122              	.LFE4:
 123              		.size	CYCONFIGCPYCODE, .-CYCONFIGCPYCODE
 124 0022 C046     		.section	.psocinit,"ax",%progbits
 125              		.align	2
 126              		.code	16
 127              		.thumb_func
 128              		.type	ClockSetup, %function
 129              	ClockSetup:
 130              	.LFB5:
  76:.\Generated_Source\PSoC4/cyfitter_cfg.c **** 
  77:.\Generated_Source\PSoC4/cyfitter_cfg.c **** 
  78:.\Generated_Source\PSoC4/cyfitter_cfg.c **** 
  79:.\Generated_Source\PSoC4/cyfitter_cfg.c **** /* Clock startup error codes                                                   */
  80:.\Generated_Source\PSoC4/cyfitter_cfg.c **** #define CYCLOCKSTART_NO_ERROR    0u
  81:.\Generated_Source\PSoC4/cyfitter_cfg.c **** #define CYCLOCKSTART_XTAL_ERROR  1u
  82:.\Generated_Source\PSoC4/cyfitter_cfg.c **** #define CYCLOCKSTART_32KHZ_ERROR 2u
  83:.\Generated_Source\PSoC4/cyfitter_cfg.c **** #define CYCLOCKSTART_PLL_ERROR   3u
  84:.\Generated_Source\PSoC4/cyfitter_cfg.c **** 
  85:.\Generated_Source\PSoC4/cyfitter_cfg.c **** #ifdef CY_NEED_CYCLOCKSTARTUPERROR
  86:.\Generated_Source\PSoC4/cyfitter_cfg.c **** /*******************************************************************************
  87:.\Generated_Source\PSoC4/cyfitter_cfg.c **** * Function Name: CyClockStartupError
  88:.\Generated_Source\PSoC4/cyfitter_cfg.c **** ********************************************************************************
  89:.\Generated_Source\PSoC4/cyfitter_cfg.c **** * Summary:
  90:.\Generated_Source\PSoC4/cyfitter_cfg.c **** *  If an error is encountered during clock configuration (crystal startup error,
  91:.\Generated_Source\PSoC4/cyfitter_cfg.c **** *  PLL lock error, etc.), the system will end up here.  Unless reimplemented by
  92:.\Generated_Source\PSoC4/cyfitter_cfg.c **** *  the customer, this function will stop in an infinite loop.
  93:.\Generated_Source\PSoC4/cyfitter_cfg.c **** *
  94:.\Generated_Source\PSoC4/cyfitter_cfg.c **** * Parameters:
  95:.\Generated_Source\PSoC4/cyfitter_cfg.c **** *   void
  96:.\Generated_Source\PSoC4/cyfitter_cfg.c **** *
  97:.\Generated_Source\PSoC4/cyfitter_cfg.c **** * Return:
  98:.\Generated_Source\PSoC4/cyfitter_cfg.c **** *   void
ARM GAS  C:\Users\wmd\AppData\Local\Temp\ccQubt3Q.s 			page 5


  99:.\Generated_Source\PSoC4/cyfitter_cfg.c **** *
 100:.\Generated_Source\PSoC4/cyfitter_cfg.c **** *******************************************************************************/
 101:.\Generated_Source\PSoC4/cyfitter_cfg.c **** CY_CFG_UNUSED
 102:.\Generated_Source\PSoC4/cyfitter_cfg.c **** static void CyClockStartupError(uint8 errorCode);
 103:.\Generated_Source\PSoC4/cyfitter_cfg.c **** CY_CFG_UNUSED
 104:.\Generated_Source\PSoC4/cyfitter_cfg.c **** static void CyClockStartupError(uint8 errorCode)
 105:.\Generated_Source\PSoC4/cyfitter_cfg.c **** {
 106:.\Generated_Source\PSoC4/cyfitter_cfg.c ****     /* To remove the compiler warning if errorCode not used.                */
 107:.\Generated_Source\PSoC4/cyfitter_cfg.c ****     errorCode = errorCode;
 108:.\Generated_Source\PSoC4/cyfitter_cfg.c **** 
 109:.\Generated_Source\PSoC4/cyfitter_cfg.c ****     /* `#START CyClockStartupError` */
 110:.\Generated_Source\PSoC4/cyfitter_cfg.c **** 
 111:.\Generated_Source\PSoC4/cyfitter_cfg.c ****     /* If we have a clock startup error (bad MHz crystal, PLL lock, etc.),  */
 112:.\Generated_Source\PSoC4/cyfitter_cfg.c ****     /* we will end up here to allow the customer to implement something to  */
 113:.\Generated_Source\PSoC4/cyfitter_cfg.c ****     /* deal with the clock condition.                                       */
 114:.\Generated_Source\PSoC4/cyfitter_cfg.c **** 
 115:.\Generated_Source\PSoC4/cyfitter_cfg.c ****     /* `#END` */
 116:.\Generated_Source\PSoC4/cyfitter_cfg.c **** 
 117:.\Generated_Source\PSoC4/cyfitter_cfg.c ****     /* If nothing else, stop here since the clocks have not started         */
 118:.\Generated_Source\PSoC4/cyfitter_cfg.c ****     /* correctly.                                                           */
 119:.\Generated_Source\PSoC4/cyfitter_cfg.c ****     while(1) {}
 120:.\Generated_Source\PSoC4/cyfitter_cfg.c **** }
 121:.\Generated_Source\PSoC4/cyfitter_cfg.c **** #endif
 122:.\Generated_Source\PSoC4/cyfitter_cfg.c **** 
 123:.\Generated_Source\PSoC4/cyfitter_cfg.c **** 
 124:.\Generated_Source\PSoC4/cyfitter_cfg.c **** 
 125:.\Generated_Source\PSoC4/cyfitter_cfg.c **** /*******************************************************************************
 126:.\Generated_Source\PSoC4/cyfitter_cfg.c **** * Function Name: ClockSetup
 127:.\Generated_Source\PSoC4/cyfitter_cfg.c **** ********************************************************************************
 128:.\Generated_Source\PSoC4/cyfitter_cfg.c **** *
 129:.\Generated_Source\PSoC4/cyfitter_cfg.c **** * Summary:
 130:.\Generated_Source\PSoC4/cyfitter_cfg.c **** *   Performs the initialization of all of the clocks in the device based on the
 131:.\Generated_Source\PSoC4/cyfitter_cfg.c **** *   settings in the Clock tab of the DWR.  This includes enabling the requested
 132:.\Generated_Source\PSoC4/cyfitter_cfg.c **** *   clocks and setting the necessary dividers to produce the desired frequency. 
 133:.\Generated_Source\PSoC4/cyfitter_cfg.c **** *
 134:.\Generated_Source\PSoC4/cyfitter_cfg.c **** * Parameters:
 135:.\Generated_Source\PSoC4/cyfitter_cfg.c **** *   void
 136:.\Generated_Source\PSoC4/cyfitter_cfg.c **** *
 137:.\Generated_Source\PSoC4/cyfitter_cfg.c **** * Return:
 138:.\Generated_Source\PSoC4/cyfitter_cfg.c **** *   void
 139:.\Generated_Source\PSoC4/cyfitter_cfg.c **** *
 140:.\Generated_Source\PSoC4/cyfitter_cfg.c **** *******************************************************************************/
 141:.\Generated_Source\PSoC4/cyfitter_cfg.c **** static void ClockSetup(void);
 142:.\Generated_Source\PSoC4/cyfitter_cfg.c **** CY_CFG_SECTION
 143:.\Generated_Source\PSoC4/cyfitter_cfg.c **** static void ClockSetup(void)
 144:.\Generated_Source\PSoC4/cyfitter_cfg.c **** {
 131              		.loc 1 144 0
 132              		.cfi_startproc
 133 0000 80B5     		push	{r7, lr}
 134              		.cfi_def_cfa_offset 8
 135              		.cfi_offset 7, -8
 136              		.cfi_offset 14, -4
 137 0002 00AF     		add	r7, sp, #0
 138              		.cfi_def_cfa_register 7
 145:.\Generated_Source\PSoC4/cyfitter_cfg.c **** 
 146:.\Generated_Source\PSoC4/cyfitter_cfg.c **** 	/* Set Flash Cycles based on max possible frequency in case a glitch occurs during ClockSetup(). *
 147:.\Generated_Source\PSoC4/cyfitter_cfg.c **** 	CY_SET_REG32((void CYXDATA *)(CYREG_CPUSS_FLASH_CTL), (0x0012u));
ARM GAS  C:\Users\wmd\AppData\Local\Temp\ccQubt3Q.s 			page 6


 139              		.loc 1 147 0
 140 0004 224B     		ldr	r3, .L5
 141 0006 1222     		mov	r2, #18
 142 0008 1A60     		str	r2, [r3]
 148:.\Generated_Source\PSoC4/cyfitter_cfg.c **** 
 149:.\Generated_Source\PSoC4/cyfitter_cfg.c **** 	/* Start the WCO */
 150:.\Generated_Source\PSoC4/cyfitter_cfg.c **** 	CySysClkWcoStart();
 143              		.loc 1 150 0
 144 000a FFF7FEFF 		bl	CySysClkWcoStart
 151:.\Generated_Source\PSoC4/cyfitter_cfg.c **** 	CyDelayCycles(12000000u); /* WCO may take up to 500ms to start */
 145              		.loc 1 151 0
 146 000e 214B     		ldr	r3, .L5+4
 147 0010 181C     		mov	r0, r3
 148 0012 FFF7FEFF 		bl	CyDelayCycles
 152:.\Generated_Source\PSoC4/cyfitter_cfg.c **** 	(void)CySysClkWcoSetPowerMode(CY_SYS_CLK_WCO_LPM);    /* Switch to the low power mode */
 149              		.loc 1 152 0
 150 0016 0120     		mov	r0, #1
 151 0018 FFF7FEFF 		bl	CySysClkWcoSetPowerMode
 153:.\Generated_Source\PSoC4/cyfitter_cfg.c **** 
 154:.\Generated_Source\PSoC4/cyfitter_cfg.c **** 	/* Setup and trim IMO based on desired frequency. */
 155:.\Generated_Source\PSoC4/cyfitter_cfg.c **** 	CySysClkWriteImoFreq(48u);
 152              		.loc 1 155 0
 153 001c 3020     		mov	r0, #48
 154 001e FFF7FEFF 		bl	CySysClkWriteImoFreq
 156:.\Generated_Source\PSoC4/cyfitter_cfg.c **** 	/* CYDEV_CLK_ILO_CONFIG Starting address: CYDEV_CLK_ILO_CONFIG */
 157:.\Generated_Source\PSoC4/cyfitter_cfg.c **** 	CY_SET_XTND_REG32((void CYFAR *)(CYREG_CLK_ILO_CONFIG), 0x80000006u);
 155              		.loc 1 157 0
 156 0022 1D4B     		ldr	r3, .L5+8
 157 0024 1D4A     		ldr	r2, .L5+12
 158 0026 1A60     		str	r2, [r3]
 158:.\Generated_Source\PSoC4/cyfitter_cfg.c **** 
 159:.\Generated_Source\PSoC4/cyfitter_cfg.c **** 	/* CYDEV_WDT_CONFIG Starting address: CYDEV_WDT_CONFIG */
 160:.\Generated_Source\PSoC4/cyfitter_cfg.c **** 	CY_SET_XTND_REG32((void CYFAR *)(CYREG_WDT_CONFIG), 0x40000000u);
 159              		.loc 1 160 0
 160 0028 1D4B     		ldr	r3, .L5+16
 161 002a 8022     		mov	r2, #128
 162 002c D205     		lsl	r2, r2, #23
 163 002e 1A60     		str	r2, [r3]
 161:.\Generated_Source\PSoC4/cyfitter_cfg.c **** 
 162:.\Generated_Source\PSoC4/cyfitter_cfg.c **** 
 163:.\Generated_Source\PSoC4/cyfitter_cfg.c **** 	/* Enable fast start mode for XO */
 164:.\Generated_Source\PSoC4/cyfitter_cfg.c **** 	CY_SET_REG32((void*)CYREG_BLE_BLERD_BB_XO, CY_GET_REG32((void*)CYREG_BLE_BLERD_BB_XO) | (uint32)0x
 164              		.loc 1 164 0
 165 0030 1C4B     		ldr	r3, .L5+20
 166 0032 1C4A     		ldr	r2, .L5+20
 167 0034 1268     		ldr	r2, [r2]
 168 0036 0221     		mov	r1, #2
 169 0038 0A43     		orr	r2, r1
 170 003a 1A60     		str	r2, [r3]
 165:.\Generated_Source\PSoC4/cyfitter_cfg.c **** 	CY_SET_XTND_REG32((void CYFAR *)(CYREG_BLE_BLERD_BB_XO_CAPTRIM), 0x00003E2Du);
 171              		.loc 1 165 0
 172 003c 1A4B     		ldr	r3, .L5+24
 173 003e 1B4A     		ldr	r2, .L5+28
 174 0040 1A60     		str	r2, [r3]
 166:.\Generated_Source\PSoC4/cyfitter_cfg.c **** 	/* Disable Crystal Stable Interrupt before enabling ECO */
 167:.\Generated_Source\PSoC4/cyfitter_cfg.c **** 	CY_SET_REG32((void*)CYREG_BLE_BLESS_LL_DSM_CTRL, CY_GET_REG32((void*)CYREG_BLE_BLESS_LL_DSM_CTRL) 
 175              		.loc 1 167 0
ARM GAS  C:\Users\wmd\AppData\Local\Temp\ccQubt3Q.s 			page 7


 176 0042 1B4B     		ldr	r3, .L5+32
 177 0044 1A4A     		ldr	r2, .L5+32
 178 0046 1268     		ldr	r2, [r2]
 179 0048 0821     		mov	r1, #8
 180 004a 8A43     		bic	r2, r1
 181 004c 1A60     		str	r2, [r3]
 168:.\Generated_Source\PSoC4/cyfitter_cfg.c **** 	/* Start the ECO and do not check status since it is not needed for HFCLK */
 169:.\Generated_Source\PSoC4/cyfitter_cfg.c **** 	(void)CySysClkEcoStart(2000u);
 182              		.loc 1 169 0
 183 004e FA23     		mov	r3, #250
 184 0050 DB00     		lsl	r3, r3, #3
 185 0052 181C     		mov	r0, r3
 186 0054 FFF7FEFF 		bl	CySysClkEcoStart
 170:.\Generated_Source\PSoC4/cyfitter_cfg.c **** 	CyDelayUs(1500u); /* Wait to stabalize */
 187              		.loc 1 170 0
 188 0058 164B     		ldr	r3, .L5+36
 189 005a 181C     		mov	r0, r3
 190 005c FFF7FEFF 		bl	CyDelayUs
 171:.\Generated_Source\PSoC4/cyfitter_cfg.c **** 
 172:.\Generated_Source\PSoC4/cyfitter_cfg.c **** 	/* Setup phase aligned clocks */
 173:.\Generated_Source\PSoC4/cyfitter_cfg.c **** 	CY_SET_REG32((void *)CYREG_PERI_DIV_16_CTL0, 0x00002200u);
 191              		.loc 1 173 0
 192 0060 154B     		ldr	r3, .L5+40
 193 0062 8822     		mov	r2, #136
 194 0064 9201     		lsl	r2, r2, #6
 195 0066 1A60     		str	r2, [r3]
 174:.\Generated_Source\PSoC4/cyfitter_cfg.c **** 	CY_SET_REG32((void *)CYREG_PERI_DIV_CMD, 0x8000FF40u);
 196              		.loc 1 174 0
 197 0068 144B     		ldr	r3, .L5+44
 198 006a 154A     		ldr	r2, .L5+48
 199 006c 1A60     		str	r2, [r3]
 175:.\Generated_Source\PSoC4/cyfitter_cfg.c **** 
 176:.\Generated_Source\PSoC4/cyfitter_cfg.c **** 	/* CYDEV_CLK_IMO_CONFIG Starting address: CYDEV_CLK_IMO_CONFIG */
 177:.\Generated_Source\PSoC4/cyfitter_cfg.c **** 	CY_SET_XTND_REG32((void CYFAR *)(CYREG_CLK_IMO_CONFIG), 0x80000000u);
 200              		.loc 1 177 0
 201 006e 154B     		ldr	r3, .L5+52
 202 0070 8022     		mov	r2, #128
 203 0072 1206     		lsl	r2, r2, #24
 204 0074 1A60     		str	r2, [r3]
 178:.\Generated_Source\PSoC4/cyfitter_cfg.c **** 
 179:.\Generated_Source\PSoC4/cyfitter_cfg.c **** 	/* CYDEV_CLK_SELECT Starting address: CYDEV_CLK_SELECT */
 180:.\Generated_Source\PSoC4/cyfitter_cfg.c **** 	CY_SET_XTND_REG32((void CYFAR *)(CYREG_CLK_SELECT), 0x00040000u);
 205              		.loc 1 180 0
 206 0076 144B     		ldr	r3, .L5+56
 207 0078 8022     		mov	r2, #128
 208 007a D202     		lsl	r2, r2, #11
 209 007c 1A60     		str	r2, [r3]
 181:.\Generated_Source\PSoC4/cyfitter_cfg.c **** 
 182:.\Generated_Source\PSoC4/cyfitter_cfg.c **** 	/* CYDEV_PERI_PCLK_CTL2 Starting address: CYDEV_PERI_PCLK_CTL2 */
 183:.\Generated_Source\PSoC4/cyfitter_cfg.c **** 	CY_SET_XTND_REG32((void CYFAR *)(CYREG_PERI_PCLK_CTL2), 0x00000040u);
 210              		.loc 1 183 0
 211 007e 134B     		ldr	r3, .L5+60
 212 0080 4022     		mov	r2, #64
 213 0082 1A60     		str	r2, [r3]
 184:.\Generated_Source\PSoC4/cyfitter_cfg.c **** 
 185:.\Generated_Source\PSoC4/cyfitter_cfg.c **** 	CY_SET_XTND_REG32((void CYFAR *)(CYREG_WDT_CONFIG), 0x40000000u);
 214              		.loc 1 185 0
ARM GAS  C:\Users\wmd\AppData\Local\Temp\ccQubt3Q.s 			page 8


 215 0084 064B     		ldr	r3, .L5+16
 216 0086 8022     		mov	r2, #128
 217 0088 D205     		lsl	r2, r2, #23
 218 008a 1A60     		str	r2, [r3]
 186:.\Generated_Source\PSoC4/cyfitter_cfg.c **** }
 219              		.loc 1 186 0
 220 008c BD46     		mov	sp, r7
 221              		@ sp needed
 222 008e 80BD     		pop	{r7, pc}
 223              	.L6:
 224              		.align	2
 225              	.L5:
 226 0090 30001040 		.word	1074790448
 227 0094 001BB700 		.word	12000000
 228 0098 04010B40 		.word	1074462980
 229 009c 06000080 		.word	-2147483642
 230 00a0 0C020B40 		.word	1074463244
 231 00a4 78002E40 		.word	1076756600
 232 00a8 7C002E40 		.word	1076756604
 233 00ac 2D3E0000 		.word	15917
 234 00b0 6CF02E40 		.word	1076818028
 235 00b4 DC050000 		.word	1500
 236 00b8 00030140 		.word	1073808128
 237 00bc 00000140 		.word	1073807360
 238 00c0 40FF0080 		.word	-2147418304
 239 00c4 08010B40 		.word	1074462984
 240 00c8 00010B40 		.word	1074462976
 241 00cc 08010140 		.word	1073807624
 242              		.cfi_endproc
 243              	.LFE5:
 244              		.size	ClockSetup, .-ClockSetup
 245              		.section	.text.AnalogSetDefault,"ax",%progbits
 246              		.align	2
 247              		.code	16
 248              		.thumb_func
 249              		.type	AnalogSetDefault, %function
 250              	AnalogSetDefault:
 251              	.LFB6:
 187:.\Generated_Source\PSoC4/cyfitter_cfg.c **** 
 188:.\Generated_Source\PSoC4/cyfitter_cfg.c **** 
 189:.\Generated_Source\PSoC4/cyfitter_cfg.c **** /* Analog API Functions */
 190:.\Generated_Source\PSoC4/cyfitter_cfg.c **** 
 191:.\Generated_Source\PSoC4/cyfitter_cfg.c **** 
 192:.\Generated_Source\PSoC4/cyfitter_cfg.c **** /*******************************************************************************
 193:.\Generated_Source\PSoC4/cyfitter_cfg.c **** * Function Name: AnalogSetDefault
 194:.\Generated_Source\PSoC4/cyfitter_cfg.c **** ********************************************************************************
 195:.\Generated_Source\PSoC4/cyfitter_cfg.c **** *
 196:.\Generated_Source\PSoC4/cyfitter_cfg.c **** * Summary:
 197:.\Generated_Source\PSoC4/cyfitter_cfg.c **** *  Sets up the analog portions of the chip to default values based on chip
 198:.\Generated_Source\PSoC4/cyfitter_cfg.c **** *  configuration options from the project.
 199:.\Generated_Source\PSoC4/cyfitter_cfg.c **** *
 200:.\Generated_Source\PSoC4/cyfitter_cfg.c **** * Parameters:
 201:.\Generated_Source\PSoC4/cyfitter_cfg.c **** *  void
 202:.\Generated_Source\PSoC4/cyfitter_cfg.c **** *
 203:.\Generated_Source\PSoC4/cyfitter_cfg.c **** * Return:
 204:.\Generated_Source\PSoC4/cyfitter_cfg.c **** *  void
 205:.\Generated_Source\PSoC4/cyfitter_cfg.c **** *
ARM GAS  C:\Users\wmd\AppData\Local\Temp\ccQubt3Q.s 			page 9


 206:.\Generated_Source\PSoC4/cyfitter_cfg.c **** *******************************************************************************/
 207:.\Generated_Source\PSoC4/cyfitter_cfg.c **** static void AnalogSetDefault(void);
 208:.\Generated_Source\PSoC4/cyfitter_cfg.c **** static void AnalogSetDefault(void)
 209:.\Generated_Source\PSoC4/cyfitter_cfg.c **** {
 252              		.loc 1 209 0
 253              		.cfi_startproc
 254 0000 80B5     		push	{r7, lr}
 255              		.cfi_def_cfa_offset 8
 256              		.cfi_offset 7, -8
 257              		.cfi_offset 14, -4
 258 0002 00AF     		add	r7, sp, #0
 259              		.cfi_def_cfa_register 7
 210:.\Generated_Source\PSoC4/cyfitter_cfg.c **** 	CY_SET_XTND_REG32((void CYFAR *)CYREG_CTBM0_DFT_CTRL, 0x00000003u);
 260              		.loc 1 210 0
 261 0004 054B     		ldr	r3, .L8
 262 0006 0322     		mov	r2, #3
 263 0008 1A60     		str	r2, [r3]
 211:.\Generated_Source\PSoC4/cyfitter_cfg.c **** 	CY_SET_XTND_REG32((void CYFAR *)CYREG_CTBM1_DFT_CTRL, 0x00000003u);
 264              		.loc 1 211 0
 265 000a 054B     		ldr	r3, .L8+4
 266 000c 0322     		mov	r2, #3
 267 000e 1A60     		str	r2, [r3]
 212:.\Generated_Source\PSoC4/cyfitter_cfg.c **** 	CY_SET_XTND_REG32((void CYFAR *)CYREG_PASS_DSAB_DSAB_CTRL, 0x00000000u);
 268              		.loc 1 212 0
 269 0010 044B     		ldr	r3, .L8+8
 270 0012 0022     		mov	r2, #0
 271 0014 1A60     		str	r2, [r3]
 213:.\Generated_Source\PSoC4/cyfitter_cfg.c **** }
 272              		.loc 1 213 0
 273 0016 BD46     		mov	sp, r7
 274              		@ sp needed
 275 0018 80BD     		pop	{r7, pc}
 276              	.L9:
 277 001a C046     		.align	2
 278              	.L8:
 279 001c 30003040 		.word	1076887600
 280 0020 30003140 		.word	1076953136
 281 0024 000E3F40 		.word	1077874176
 282              		.cfi_endproc
 283              	.LFE6:
 284              		.size	AnalogSetDefault, .-AnalogSetDefault
 285              		.section	.psocinit
 286              		.align	2
 287              		.global	cyfitter_cfg
 288              		.code	16
 289              		.thumb_func
 290              		.type	cyfitter_cfg, %function
 291              	cyfitter_cfg:
 292              	.LFB7:
 214:.\Generated_Source\PSoC4/cyfitter_cfg.c **** 
 215:.\Generated_Source\PSoC4/cyfitter_cfg.c **** #define CY_AMUX_UNUSED CYREG_CM0_ROM_DWT
 216:.\Generated_Source\PSoC4/cyfitter_cfg.c **** 
 217:.\Generated_Source\PSoC4/cyfitter_cfg.c **** 
 218:.\Generated_Source\PSoC4/cyfitter_cfg.c **** /*******************************************************************************
 219:.\Generated_Source\PSoC4/cyfitter_cfg.c **** * Function Name: cyfitter_cfg
 220:.\Generated_Source\PSoC4/cyfitter_cfg.c **** ********************************************************************************
 221:.\Generated_Source\PSoC4/cyfitter_cfg.c **** * Summary:
ARM GAS  C:\Users\wmd\AppData\Local\Temp\ccQubt3Q.s 			page 10


 222:.\Generated_Source\PSoC4/cyfitter_cfg.c **** *  This function is called by the start-up code for the selected device. It
 223:.\Generated_Source\PSoC4/cyfitter_cfg.c **** *  performs all of the necessary device configuration based on the design
 224:.\Generated_Source\PSoC4/cyfitter_cfg.c **** *  settings.  This includes settings from the Design Wide Resources (DWR) such
 225:.\Generated_Source\PSoC4/cyfitter_cfg.c **** *  as Clocks and Pins as well as any component configuration that is necessary.
 226:.\Generated_Source\PSoC4/cyfitter_cfg.c **** *
 227:.\Generated_Source\PSoC4/cyfitter_cfg.c **** * Parameters:  
 228:.\Generated_Source\PSoC4/cyfitter_cfg.c **** *   void
 229:.\Generated_Source\PSoC4/cyfitter_cfg.c **** *
 230:.\Generated_Source\PSoC4/cyfitter_cfg.c **** * Return:
 231:.\Generated_Source\PSoC4/cyfitter_cfg.c **** *   void
 232:.\Generated_Source\PSoC4/cyfitter_cfg.c **** *
 233:.\Generated_Source\PSoC4/cyfitter_cfg.c **** *******************************************************************************/
 234:.\Generated_Source\PSoC4/cyfitter_cfg.c **** CY_CFG_SECTION
 235:.\Generated_Source\PSoC4/cyfitter_cfg.c **** void cyfitter_cfg(void)
 236:.\Generated_Source\PSoC4/cyfitter_cfg.c **** {
 293              		.loc 1 236 0
 294              		.cfi_startproc
 295 00d0 80B5     		push	{r7, lr}
 296              		.cfi_def_cfa_offset 8
 297              		.cfi_offset 7, -8
 298              		.cfi_offset 14, -4
 299 00d2 82B0     		sub	sp, sp, #8
 300              		.cfi_def_cfa_offset 16
 301 00d4 00AF     		add	r7, sp, #0
 302              		.cfi_def_cfa_register 7
 237:.\Generated_Source\PSoC4/cyfitter_cfg.c **** 	/* Disable interrupts by default. Let user enable if/when they want. */
 238:.\Generated_Source\PSoC4/cyfitter_cfg.c **** 	CyGlobalIntDisable;
 303              		.loc 1 238 0
 304              	@ 238 ".\Generated_Source\PSoC4\cyfitter_cfg.c" 1
 305 00d6 72B6     		CPSID   i
 306              	@ 0 "" 2
 239:.\Generated_Source\PSoC4/cyfitter_cfg.c **** 
 240:.\Generated_Source\PSoC4/cyfitter_cfg.c **** 	CY_SET_XTND_REG32((void CYFAR *)(CYREG_BLE_BLESS_LL_DSM_CTRL), 0x00000000u);
 307              		.loc 1 240 0
 308              		.code	16
 309 00d8 394B     		ldr	r3, .L13
 310 00da 0022     		mov	r2, #0
 311 00dc 1A60     		str	r2, [r3]
 312              	.LBB2:
 241:.\Generated_Source\PSoC4/cyfitter_cfg.c **** 
 242:.\Generated_Source\PSoC4/cyfitter_cfg.c **** 	{
 243:.\Generated_Source\PSoC4/cyfitter_cfg.c **** 
 244:.\Generated_Source\PSoC4/cyfitter_cfg.c **** 		CYPACKED typedef struct {
 245:.\Generated_Source\PSoC4/cyfitter_cfg.c **** 			void CYFAR *address;
 246:.\Generated_Source\PSoC4/cyfitter_cfg.c **** 			uint16 size;
 247:.\Generated_Source\PSoC4/cyfitter_cfg.c **** 		} CYPACKED_ATTR cfg_memset_t;
 248:.\Generated_Source\PSoC4/cyfitter_cfg.c **** 
 249:.\Generated_Source\PSoC4/cyfitter_cfg.c **** 		static const cfg_memset_t CYCODE cfg_memset_list [] = {
 250:.\Generated_Source\PSoC4/cyfitter_cfg.c **** 			/* address, size */
 251:.\Generated_Source\PSoC4/cyfitter_cfg.c **** 			{(void CYFAR *)(CYDEV_UDB_P0_U0_BASE), 1024u},
 252:.\Generated_Source\PSoC4/cyfitter_cfg.c **** 			{(void CYFAR *)(CYDEV_UDB_DSI0_BASE), 1024u},
 253:.\Generated_Source\PSoC4/cyfitter_cfg.c **** 		};
 254:.\Generated_Source\PSoC4/cyfitter_cfg.c **** 
 255:.\Generated_Source\PSoC4/cyfitter_cfg.c **** 		uint8 CYDATA i;
 256:.\Generated_Source\PSoC4/cyfitter_cfg.c **** 
 257:.\Generated_Source\PSoC4/cyfitter_cfg.c **** 		/* Zero out critical memory blocks before beginning configuration */
 258:.\Generated_Source\PSoC4/cyfitter_cfg.c **** 		for (i = 0u; i < (sizeof(cfg_memset_list)/sizeof(cfg_memset_list[0])); i++)
ARM GAS  C:\Users\wmd\AppData\Local\Temp\ccQubt3Q.s 			page 11


 313              		.loc 1 258 0
 314 00de FB1D     		add	r3, r7, #7
 315 00e0 0022     		mov	r2, #0
 316 00e2 1A70     		strb	r2, [r3]
 317 00e4 23E0     		b	.L11
 318              	.L12:
 319              	.LBB3:
 259:.\Generated_Source\PSoC4/cyfitter_cfg.c **** 		{
 260:.\Generated_Source\PSoC4/cyfitter_cfg.c **** 			const cfg_memset_t CYCODE * CYDATA ms = &cfg_memset_list[i];
 320              		.loc 1 260 0 discriminator 2
 321 00e6 FB1D     		add	r3, r7, #7
 322 00e8 1A78     		ldrb	r2, [r3]
 323 00ea 131C     		mov	r3, r2
 324 00ec 5B00     		lsl	r3, r3, #1
 325 00ee 9B18     		add	r3, r3, r2
 326 00f0 5B00     		lsl	r3, r3, #1
 327 00f2 344A     		ldr	r2, .L13+4
 328 00f4 9B18     		add	r3, r3, r2
 329 00f6 3B60     		str	r3, [r7]
 261:.\Generated_Source\PSoC4/cyfitter_cfg.c **** 			CYMEMZERO(ms->address, (size_t)(uint32)(ms->size));
 330              		.loc 1 261 0 discriminator 2
 331 00f8 3B68     		ldr	r3, [r7]
 332 00fa 1A78     		ldrb	r2, [r3]
 333 00fc 5978     		ldrb	r1, [r3, #1]
 334 00fe 0902     		lsl	r1, r1, #8
 335 0100 0A43     		orr	r2, r1
 336 0102 9978     		ldrb	r1, [r3, #2]
 337 0104 0904     		lsl	r1, r1, #16
 338 0106 0A43     		orr	r2, r1
 339 0108 DB78     		ldrb	r3, [r3, #3]
 340 010a 1B06     		lsl	r3, r3, #24
 341 010c 1343     		orr	r3, r2
 342 010e 1A1C     		mov	r2, r3
 343 0110 3B68     		ldr	r3, [r7]
 344 0112 1979     		ldrb	r1, [r3, #4]
 345 0114 5B79     		ldrb	r3, [r3, #5]
 346 0116 1B02     		lsl	r3, r3, #8
 347 0118 0B43     		orr	r3, r1
 348 011a 9BB2     		uxth	r3, r3
 349 011c 101C     		mov	r0, r2
 350 011e 191C     		mov	r1, r3
 351 0120 FFF7FEFF 		bl	CYMEMZERO
 352              	.LBE3:
 258:.\Generated_Source\PSoC4/cyfitter_cfg.c **** 		for (i = 0u; i < (sizeof(cfg_memset_list)/sizeof(cfg_memset_list[0])); i++)
 353              		.loc 1 258 0 discriminator 2
 354 0124 FB1D     		add	r3, r7, #7
 355 0126 1A78     		ldrb	r2, [r3]
 356 0128 FB1D     		add	r3, r7, #7
 357 012a 0132     		add	r2, r2, #1
 358 012c 1A70     		strb	r2, [r3]
 359              	.L11:
 258:.\Generated_Source\PSoC4/cyfitter_cfg.c **** 		for (i = 0u; i < (sizeof(cfg_memset_list)/sizeof(cfg_memset_list[0])); i++)
 360              		.loc 1 258 0 is_stmt 0 discriminator 1
 361 012e FB1D     		add	r3, r7, #7
 362 0130 1B78     		ldrb	r3, [r3]
 363 0132 012B     		cmp	r3, #1
 364 0134 D7D9     		bls	.L12
ARM GAS  C:\Users\wmd\AppData\Local\Temp\ccQubt3Q.s 			page 12


 262:.\Generated_Source\PSoC4/cyfitter_cfg.c **** 		}
 263:.\Generated_Source\PSoC4/cyfitter_cfg.c **** 
 264:.\Generated_Source\PSoC4/cyfitter_cfg.c **** 		/* HSIOM Starting address: CYDEV_HSIOM_BASE */
 265:.\Generated_Source\PSoC4/cyfitter_cfg.c **** 		CY_SET_XTND_REG32((void CYFAR *)(CYDEV_HSIOM_BASE), 0xEE000000u);
 365              		.loc 1 265 0 is_stmt 1
 366 0136 244B     		ldr	r3, .L13+8
 367 0138 EE22     		mov	r2, #238
 368 013a 1206     		lsl	r2, r2, #24
 369 013c 1A60     		str	r2, [r3]
 266:.\Generated_Source\PSoC4/cyfitter_cfg.c **** 		CY_SET_XTND_REG32((void CYFAR *)(CYREG_HSIOM_PORT_SEL5), 0x00000099u);
 370              		.loc 1 266 0
 371 013e 234B     		ldr	r3, .L13+12
 372 0140 9922     		mov	r2, #153
 373 0142 1A60     		str	r2, [r3]
 267:.\Generated_Source\PSoC4/cyfitter_cfg.c **** 
 268:.\Generated_Source\PSoC4/cyfitter_cfg.c **** 		/* UDB_PA_0 Starting address: CYDEV_UDB_PA0_BASE */
 269:.\Generated_Source\PSoC4/cyfitter_cfg.c **** 		CY_SET_XTND_REG32((void CYFAR *)(CYDEV_UDB_PA0_BASE), 0x00990000u);
 374              		.loc 1 269 0
 375 0144 224B     		ldr	r3, .L13+16
 376 0146 9922     		mov	r2, #153
 377 0148 1204     		lsl	r2, r2, #16
 378 014a 1A60     		str	r2, [r3]
 270:.\Generated_Source\PSoC4/cyfitter_cfg.c **** 
 271:.\Generated_Source\PSoC4/cyfitter_cfg.c **** 		/* UDB_PA_3 Starting address: CYDEV_UDB_PA3_BASE */
 272:.\Generated_Source\PSoC4/cyfitter_cfg.c **** 		CY_SET_XTND_REG32((void CYFAR *)(CYDEV_UDB_PA3_BASE), 0x00990000u);
 379              		.loc 1 272 0
 380 014c 214B     		ldr	r3, .L13+20
 381 014e 9922     		mov	r2, #153
 382 0150 1204     		lsl	r2, r2, #16
 383 0152 1A60     		str	r2, [r3]
 273:.\Generated_Source\PSoC4/cyfitter_cfg.c **** 
 274:.\Generated_Source\PSoC4/cyfitter_cfg.c **** 		/* Enable digital routing */
 275:.\Generated_Source\PSoC4/cyfitter_cfg.c **** 		CY_SET_XTND_REG8((void *)CYREG_UDB_UDBIF_BANK_CTL, CY_GET_XTND_REG8((void *)CYREG_UDB_UDBIF_BANK_
 384              		.loc 1 275 0
 385 0154 204B     		ldr	r3, .L13+24
 386 0156 204A     		ldr	r2, .L13+24
 387 0158 1278     		ldrb	r2, [r2]
 388 015a D2B2     		uxtb	r2, r2
 389 015c 0221     		mov	r1, #2
 390 015e 0A43     		orr	r2, r1
 391 0160 D2B2     		uxtb	r2, r2
 392 0162 1A70     		strb	r2, [r3]
 276:.\Generated_Source\PSoC4/cyfitter_cfg.c **** 
 277:.\Generated_Source\PSoC4/cyfitter_cfg.c **** 		/* Enable UDB array */
 278:.\Generated_Source\PSoC4/cyfitter_cfg.c **** 		CY_SET_XTND_REG8((void *)CYREG_UDB_UDBIF_WAIT_CFG, (uint8)((CY_GET_XTND_REG8((void *)CYREG_UDB_UD
 393              		.loc 1 278 0
 394 0164 1D4B     		ldr	r3, .L13+28
 395 0166 1D4A     		ldr	r2, .L13+28
 396 0168 1278     		ldrb	r2, [r2]
 397 016a D2B2     		uxtb	r2, r2
 398 016c 3C21     		mov	r1, #60
 399 016e 8A43     		bic	r2, r1
 400 0170 D2B2     		uxtb	r2, r2
 401 0172 1421     		mov	r1, #20
 402 0174 0A43     		orr	r2, r1
 403 0176 D2B2     		uxtb	r2, r2
 404 0178 1A70     		strb	r2, [r3]
ARM GAS  C:\Users\wmd\AppData\Local\Temp\ccQubt3Q.s 			page 13


 279:.\Generated_Source\PSoC4/cyfitter_cfg.c **** 		CY_SET_XTND_REG8((void *)CYREG_UDB_UDBIF_BANK_CTL, (uint8)(CY_GET_XTND_REG8((void *)CYREG_UDB_UDB
 405              		.loc 1 279 0
 406 017a 174B     		ldr	r3, .L13+24
 407 017c 164A     		ldr	r2, .L13+24
 408 017e 1278     		ldrb	r2, [r2]
 409 0180 D2B2     		uxtb	r2, r2
 410 0182 1621     		mov	r1, #22
 411 0184 0A43     		orr	r2, r1
 412 0186 D2B2     		uxtb	r2, r2
 413 0188 1A70     		strb	r2, [r3]
 414              	.LBE2:
 280:.\Generated_Source\PSoC4/cyfitter_cfg.c **** 	}
 281:.\Generated_Source\PSoC4/cyfitter_cfg.c **** 
 282:.\Generated_Source\PSoC4/cyfitter_cfg.c **** 	/* Perform second pass device configuration. These items must be configured in specific order afte
 283:.\Generated_Source\PSoC4/cyfitter_cfg.c **** 	/* IOPINS0_0 Starting address: CYDEV_GPIO_PRT0_DR */
 284:.\Generated_Source\PSoC4/cyfitter_cfg.c **** 	CY_SET_XTND_REG32((void CYFAR *)(CYREG_GPIO_PRT0_PC), 0x00D80000u);
 415              		.loc 1 284 0
 416 018a 154B     		ldr	r3, .L13+32
 417 018c D822     		mov	r2, #216
 418 018e 1204     		lsl	r2, r2, #16
 419 0190 1A60     		str	r2, [r3]
 285:.\Generated_Source\PSoC4/cyfitter_cfg.c **** 
 286:.\Generated_Source\PSoC4/cyfitter_cfg.c **** 	/* IOPINS0_3 Starting address: CYDEV_GPIO_PRT3_DR */
 287:.\Generated_Source\PSoC4/cyfitter_cfg.c **** 	CY_SET_XTND_REG32((void CYFAR *)(CYREG_GPIO_PRT3_DR), 0x000000C0u);
 420              		.loc 1 287 0
 421 0192 144B     		ldr	r3, .L13+36
 422 0194 C022     		mov	r2, #192
 423 0196 1A60     		str	r2, [r3]
 288:.\Generated_Source\PSoC4/cyfitter_cfg.c **** 	CY_SET_XTND_REG32((void CYFAR *)(CYREG_GPIO_PRT3_PC), 0x00900000u);
 424              		.loc 1 288 0
 425 0198 134B     		ldr	r3, .L13+40
 426 019a 9022     		mov	r2, #144
 427 019c 1204     		lsl	r2, r2, #16
 428 019e 1A60     		str	r2, [r3]
 289:.\Generated_Source\PSoC4/cyfitter_cfg.c **** 
 290:.\Generated_Source\PSoC4/cyfitter_cfg.c **** 	/* IOPINS0_5 Starting address: CYDEV_GPIO_PRT5_DR */
 291:.\Generated_Source\PSoC4/cyfitter_cfg.c **** 	CY_SET_XTND_REG32((void CYFAR *)(CYREG_GPIO_PRT5_DR), 0x00000002u);
 429              		.loc 1 291 0
 430 01a0 124B     		ldr	r3, .L13+44
 431 01a2 0222     		mov	r2, #2
 432 01a4 1A60     		str	r2, [r3]
 292:.\Generated_Source\PSoC4/cyfitter_cfg.c **** 	CY_SET_XTND_REG32((void CYFAR *)(CYREG_GPIO_PRT5_PC), 0x00000031u);
 433              		.loc 1 292 0
 434 01a6 124B     		ldr	r3, .L13+48
 435 01a8 3122     		mov	r2, #49
 436 01aa 1A60     		str	r2, [r3]
 293:.\Generated_Source\PSoC4/cyfitter_cfg.c **** 	CY_SET_XTND_REG32((void CYFAR *)(CYREG_GPIO_PRT5_PC2), 0x00000002u);
 437              		.loc 1 293 0
 438 01ac 114B     		ldr	r3, .L13+52
 439 01ae 0222     		mov	r2, #2
 440 01b0 1A60     		str	r2, [r3]
 294:.\Generated_Source\PSoC4/cyfitter_cfg.c **** 
 295:.\Generated_Source\PSoC4/cyfitter_cfg.c **** 	/* Setup clocks based on selections from Clock DWR */
 296:.\Generated_Source\PSoC4/cyfitter_cfg.c **** 	ClockSetup();
 441              		.loc 1 296 0
 442 01b2 FFF725FF 		bl	ClockSetup
 297:.\Generated_Source\PSoC4/cyfitter_cfg.c **** 
ARM GAS  C:\Users\wmd\AppData\Local\Temp\ccQubt3Q.s 			page 14


 298:.\Generated_Source\PSoC4/cyfitter_cfg.c **** 	/* Perform basic analog initialization to defaults */
 299:.\Generated_Source\PSoC4/cyfitter_cfg.c **** 	AnalogSetDefault();
 443              		.loc 1 299 0
 444 01b6 FFF7FEFF 		bl	AnalogSetDefault
 300:.\Generated_Source\PSoC4/cyfitter_cfg.c **** 
 301:.\Generated_Source\PSoC4/cyfitter_cfg.c **** }
 445              		.loc 1 301 0
 446 01ba BD46     		mov	sp, r7
 447 01bc 02B0     		add	sp, sp, #8
 448              		@ sp needed
 449 01be 80BD     		pop	{r7, pc}
 450              	.L14:
 451              		.align	2
 452              	.L13:
 453 01c0 6CF02E40 		.word	1076818028
 454 01c4 00000000 		.word	cfg_memset_list.4745
 455 01c8 00000240 		.word	1073872896
 456 01cc 00050240 		.word	1073874176
 457 01d0 00500F40 		.word	1074745344
 458 01d4 30500F40 		.word	1074745392
 459 01d8 00700F40 		.word	1074753536
 460 01dc 01700F40 		.word	1074753537
 461 01e0 08000440 		.word	1074003976
 462 01e4 00030440 		.word	1074004736
 463 01e8 08030440 		.word	1074004744
 464 01ec 00050440 		.word	1074005248
 465 01f0 08050440 		.word	1074005256
 466 01f4 18050440 		.word	1074005272
 467              		.cfi_endproc
 468              	.LFE7:
 469              		.size	cyfitter_cfg, .-cyfitter_cfg
 470              		.section	.rodata
 471              		.align	2
 472              		.type	cfg_memset_list.4745, %object
 473              		.size	cfg_memset_list.4745, 12
 474              	cfg_memset_list.4745:
 475 0000 00300F40 		.word	1074737152
 476 0004 0004     		.short	1024
 477 0006 00400F40 		.4byte	1074741248
 478 000a 0004     		.short	1024
 479              		.text
 480              	.Letext0:
 481              		.file 2 "c:\\program files\\cypress\\psoc creator\\3.2\\psoc creator\\import\\gnu\\arm\\4.8.4\\lib
 482              		.file 3 ".\\Generated_Source\\PSoC4\\cytypes.h"
 483              		.section	.debug_info,"",%progbits
 484              	.Ldebug_info0:
 485 0000 44020000 		.4byte	0x244
 486 0004 0400     		.2byte	0x4
 487 0006 00000000 		.4byte	.Ldebug_abbrev0
 488 000a 04       		.byte	0x4
 489 000b 01       		.uleb128 0x1
 490 000c 8E000000 		.4byte	.LASF29
 491 0010 01       		.byte	0x1
 492 0011 A4010000 		.4byte	.LASF30
 493 0015 1E000000 		.4byte	.LASF31
 494 0019 00000000 		.4byte	.Ldebug_ranges0+0
 495 001d 00000000 		.4byte	0
ARM GAS  C:\Users\wmd\AppData\Local\Temp\ccQubt3Q.s 			page 15


 496 0021 00000000 		.4byte	.Ldebug_line0
 497 0025 02       		.uleb128 0x2
 498 0026 04       		.byte	0x4
 499 0027 05       		.byte	0x5
 500 0028 696E7400 		.ascii	"int\000"
 501 002c 03       		.uleb128 0x3
 502 002d 06000000 		.4byte	.LASF11
 503 0031 02       		.byte	0x2
 504 0032 D4       		.byte	0xd4
 505 0033 37000000 		.4byte	0x37
 506 0037 04       		.uleb128 0x4
 507 0038 04       		.byte	0x4
 508 0039 07       		.byte	0x7
 509 003a 6B010000 		.4byte	.LASF0
 510 003e 04       		.uleb128 0x4
 511 003f 01       		.byte	0x1
 512 0040 06       		.byte	0x6
 513 0041 FB010000 		.4byte	.LASF1
 514 0045 04       		.uleb128 0x4
 515 0046 01       		.byte	0x1
 516 0047 08       		.byte	0x8
 517 0048 3B010000 		.4byte	.LASF2
 518 004c 04       		.uleb128 0x4
 519 004d 02       		.byte	0x2
 520 004e 05       		.byte	0x5
 521 004f E8010000 		.4byte	.LASF3
 522 0053 04       		.uleb128 0x4
 523 0054 02       		.byte	0x2
 524 0055 07       		.byte	0x7
 525 0056 75000000 		.4byte	.LASF4
 526 005a 04       		.uleb128 0x4
 527 005b 04       		.byte	0x4
 528 005c 05       		.byte	0x5
 529 005d F2010000 		.4byte	.LASF5
 530 0061 04       		.uleb128 0x4
 531 0062 04       		.byte	0x4
 532 0063 07       		.byte	0x7
 533 0064 19010000 		.4byte	.LASF6
 534 0068 04       		.uleb128 0x4
 535 0069 08       		.byte	0x8
 536 006a 05       		.byte	0x5
 537 006b D5010000 		.4byte	.LASF7
 538 006f 04       		.uleb128 0x4
 539 0070 08       		.byte	0x8
 540 0071 07       		.byte	0x7
 541 0072 80010000 		.4byte	.LASF8
 542 0076 04       		.uleb128 0x4
 543 0077 04       		.byte	0x4
 544 0078 07       		.byte	0x7
 545 0079 CC010000 		.4byte	.LASF9
 546 007d 05       		.uleb128 0x5
 547 007e 04       		.byte	0x4
 548 007f 04       		.uleb128 0x4
 549 0080 01       		.byte	0x1
 550 0081 08       		.byte	0x8
 551 0082 E3010000 		.4byte	.LASF10
 552 0086 03       		.uleb128 0x3
ARM GAS  C:\Users\wmd\AppData\Local\Temp\ccQubt3Q.s 			page 16


 553 0087 2B010000 		.4byte	.LASF12
 554 008b 03       		.byte	0x3
 555 008c B3       		.byte	0xb3
 556 008d 45000000 		.4byte	0x45
 557 0091 03       		.uleb128 0x3
 558 0092 5D010000 		.4byte	.LASF13
 559 0096 03       		.byte	0x3
 560 0097 B4       		.byte	0xb4
 561 0098 53000000 		.4byte	0x53
 562 009c 03       		.uleb128 0x3
 563 009d 64010000 		.4byte	.LASF14
 564 00a1 03       		.byte	0x3
 565 00a2 B5       		.byte	0xb5
 566 00a3 61000000 		.4byte	0x61
 567 00a7 04       		.uleb128 0x4
 568 00a8 04       		.byte	0x4
 569 00a9 04       		.byte	0x4
 570 00aa 88000000 		.4byte	.LASF15
 571 00ae 04       		.uleb128 0x4
 572 00af 08       		.byte	0x8
 573 00b0 04       		.byte	0x4
 574 00b1 49010000 		.4byte	.LASF16
 575 00b5 06       		.uleb128 0x6
 576 00b6 14010000 		.4byte	.LASF17
 577 00ba 03       		.byte	0x3
 578 00bb 5D01     		.2byte	0x15d
 579 00bd C1000000 		.4byte	0xc1
 580 00c1 07       		.uleb128 0x7
 581 00c2 86000000 		.4byte	0x86
 582 00c6 06       		.uleb128 0x6
 583 00c7 00000000 		.4byte	.LASF18
 584 00cb 03       		.byte	0x3
 585 00cc 5F01     		.2byte	0x15f
 586 00ce D2000000 		.4byte	0xd2
 587 00d2 07       		.uleb128 0x7
 588 00d3 9C000000 		.4byte	0x9c
 589 00d7 08       		.uleb128 0x8
 590 00d8 31010000 		.4byte	.LASF19
 591 00dc 01       		.byte	0x1
 592 00dd 3A       		.byte	0x3a
 593 00de 00000000 		.4byte	.LFB2
 594 00e2 1E000000 		.4byte	.LFE2-.LFB2
 595 00e6 01       		.uleb128 0x1
 596 00e7 9C       		.byte	0x9c
 597 00e8 05010000 		.4byte	0x105
 598 00ec 09       		.uleb128 0x9
 599 00ed 7300     		.ascii	"s\000"
 600 00ef 01       		.byte	0x1
 601 00f0 3A       		.byte	0x3a
 602 00f1 7D000000 		.4byte	0x7d
 603 00f5 02       		.uleb128 0x2
 604 00f6 91       		.byte	0x91
 605 00f7 74       		.sleb128 -12
 606 00f8 09       		.uleb128 0x9
 607 00f9 6E00     		.ascii	"n\000"
 608 00fb 01       		.byte	0x1
 609 00fc 3A       		.byte	0x3a
ARM GAS  C:\Users\wmd\AppData\Local\Temp\ccQubt3Q.s 			page 17


 610 00fd 2C000000 		.4byte	0x2c
 611 0101 02       		.uleb128 0x2
 612 0102 91       		.byte	0x91
 613 0103 70       		.sleb128 -16
 614 0104 00       		.byte	0
 615 0105 08       		.uleb128 0x8
 616 0106 17020000 		.4byte	.LASF20
 617 010a 01       		.byte	0x1
 618 010b 41       		.byte	0x41
 619 010c 00000000 		.4byte	.LFB3
 620 0110 22000000 		.4byte	.LFE3-.LFB3
 621 0114 01       		.uleb128 0x1
 622 0115 9C       		.byte	0x9c
 623 0116 43010000 		.4byte	0x143
 624 011a 0A       		.uleb128 0xa
 625 011b 0A010000 		.4byte	.LASF21
 626 011f 01       		.byte	0x1
 627 0120 41       		.byte	0x41
 628 0121 7D000000 		.4byte	0x7d
 629 0125 02       		.uleb128 0x2
 630 0126 91       		.byte	0x91
 631 0127 74       		.sleb128 -12
 632 0128 09       		.uleb128 0x9
 633 0129 73726300 		.ascii	"src\000"
 634 012d 01       		.byte	0x1
 635 012e 41       		.byte	0x41
 636 012f 43010000 		.4byte	0x143
 637 0133 02       		.uleb128 0x2
 638 0134 91       		.byte	0x91
 639 0135 70       		.sleb128 -16
 640 0136 09       		.uleb128 0x9
 641 0137 6E00     		.ascii	"n\000"
 642 0139 01       		.byte	0x1
 643 013a 41       		.byte	0x41
 644 013b 2C000000 		.4byte	0x2c
 645 013f 02       		.uleb128 0x2
 646 0140 91       		.byte	0x91
 647 0141 6C       		.sleb128 -20
 648 0142 00       		.byte	0
 649 0143 0B       		.uleb128 0xb
 650 0144 04       		.byte	0x4
 651 0145 49010000 		.4byte	0x149
 652 0149 0C       		.uleb128 0xc
 653 014a 08       		.uleb128 0x8
 654 014b 07020000 		.4byte	.LASF22
 655 014f 01       		.byte	0x1
 656 0150 48       		.byte	0x48
 657 0151 00000000 		.4byte	.LFB4
 658 0155 22000000 		.4byte	.LFE4-.LFB4
 659 0159 01       		.uleb128 0x1
 660 015a 9C       		.byte	0x9c
 661 015b 88010000 		.4byte	0x188
 662 015f 0A       		.uleb128 0xa
 663 0160 0A010000 		.4byte	.LASF21
 664 0164 01       		.byte	0x1
 665 0165 48       		.byte	0x48
 666 0166 7D000000 		.4byte	0x7d
ARM GAS  C:\Users\wmd\AppData\Local\Temp\ccQubt3Q.s 			page 18


 667 016a 02       		.uleb128 0x2
 668 016b 91       		.byte	0x91
 669 016c 74       		.sleb128 -12
 670 016d 09       		.uleb128 0x9
 671 016e 73726300 		.ascii	"src\000"
 672 0172 01       		.byte	0x1
 673 0173 48       		.byte	0x48
 674 0174 43010000 		.4byte	0x143
 675 0178 02       		.uleb128 0x2
 676 0179 91       		.byte	0x91
 677 017a 70       		.sleb128 -16
 678 017b 09       		.uleb128 0x9
 679 017c 6E00     		.ascii	"n\000"
 680 017e 01       		.byte	0x1
 681 017f 48       		.byte	0x48
 682 0180 2C000000 		.4byte	0x2c
 683 0184 02       		.uleb128 0x2
 684 0185 91       		.byte	0x91
 685 0186 6C       		.sleb128 -20
 686 0187 00       		.byte	0
 687 0188 0D       		.uleb128 0xd
 688 0189 6A000000 		.4byte	.LASF23
 689 018d 01       		.byte	0x1
 690 018e 8F       		.byte	0x8f
 691 018f 00000000 		.4byte	.LFB5
 692 0193 D0000000 		.4byte	.LFE5-.LFB5
 693 0197 01       		.uleb128 0x1
 694 0198 9C       		.byte	0x9c
 695 0199 0E       		.uleb128 0xe
 696 019a 0D000000 		.4byte	.LASF24
 697 019e 01       		.byte	0x1
 698 019f D0       		.byte	0xd0
 699 01a0 00000000 		.4byte	.LFB6
 700 01a4 28000000 		.4byte	.LFE6-.LFB6
 701 01a8 01       		.uleb128 0x1
 702 01a9 9C       		.byte	0x9c
 703 01aa 0F       		.uleb128 0xf
 704 01ab 50010000 		.4byte	.LASF32
 705 01af 01       		.byte	0x1
 706 01b0 EB       		.byte	0xeb
 707 01b1 D0000000 		.4byte	.LFB7
 708 01b5 28010000 		.4byte	.LFE7-.LFB7
 709 01b9 01       		.uleb128 0x1
 710 01ba 9C       		.byte	0x9c
 711 01bb 10       		.uleb128 0x10
 712 01bc DE000000 		.4byte	.LBB2
 713 01c0 AC000000 		.4byte	.LBE2-.LBB2
 714 01c4 11       		.uleb128 0x11
 715 01c5 06       		.byte	0x6
 716 01c6 01       		.byte	0x1
 717 01c7 F4       		.byte	0xf4
 718 01c8 E5010000 		.4byte	0x1e5
 719 01cc 12       		.uleb128 0x12
 720 01cd 78010000 		.4byte	.LASF25
 721 01d1 01       		.byte	0x1
 722 01d2 F5       		.byte	0xf5
 723 01d3 7D000000 		.4byte	0x7d
ARM GAS  C:\Users\wmd\AppData\Local\Temp\ccQubt3Q.s 			page 19


 724 01d7 00       		.byte	0
 725 01d8 12       		.uleb128 0x12
 726 01d9 0F010000 		.4byte	.LASF26
 727 01dd 01       		.byte	0x1
 728 01de F6       		.byte	0xf6
 729 01df 91000000 		.4byte	0x91
 730 01e3 04       		.byte	0x4
 731 01e4 00       		.byte	0
 732 01e5 03       		.uleb128 0x3
 733 01e6 97010000 		.4byte	.LASF27
 734 01ea 01       		.byte	0x1
 735 01eb F7       		.byte	0xf7
 736 01ec C4010000 		.4byte	0x1c4
 737 01f0 13       		.uleb128 0x13
 738 01f1 E5010000 		.4byte	0x1e5
 739 01f5 00020000 		.4byte	0x200
 740 01f9 14       		.uleb128 0x14
 741 01fa 76000000 		.4byte	0x76
 742 01fe 01       		.byte	0x1
 743 01ff 00       		.byte	0
 744 0200 15       		.uleb128 0x15
 745 0201 5A000000 		.4byte	.LASF28
 746 0205 01       		.byte	0x1
 747 0206 F9       		.byte	0xf9
 748 0207 11020000 		.4byte	0x211
 749 020b 05       		.uleb128 0x5
 750 020c 03       		.byte	0x3
 751 020d 00000000 		.4byte	cfg_memset_list.4745
 752 0211 16       		.uleb128 0x16
 753 0212 F0010000 		.4byte	0x1f0
 754 0216 17       		.uleb128 0x17
 755 0217 6900     		.ascii	"i\000"
 756 0219 01       		.byte	0x1
 757 021a FF       		.byte	0xff
 758 021b 86000000 		.4byte	0x86
 759 021f 02       		.uleb128 0x2
 760 0220 91       		.byte	0x91
 761 0221 77       		.sleb128 -9
 762 0222 10       		.uleb128 0x10
 763 0223 E6000000 		.4byte	.LBB3
 764 0227 3E000000 		.4byte	.LBE3-.LBB3
 765 022b 18       		.uleb128 0x18
 766 022c 6D7300   		.ascii	"ms\000"
 767 022f 01       		.byte	0x1
 768 0230 0401     		.2byte	0x104
 769 0232 39020000 		.4byte	0x239
 770 0236 02       		.uleb128 0x2
 771 0237 91       		.byte	0x91
 772 0238 70       		.sleb128 -16
 773 0239 0B       		.uleb128 0xb
 774 023a 04       		.byte	0x4
 775 023b 3F020000 		.4byte	0x23f
 776 023f 16       		.uleb128 0x16
 777 0240 E5010000 		.4byte	0x1e5
 778 0244 00       		.byte	0
 779 0245 00       		.byte	0
 780 0246 00       		.byte	0
ARM GAS  C:\Users\wmd\AppData\Local\Temp\ccQubt3Q.s 			page 20


 781 0247 00       		.byte	0
 782              		.section	.debug_abbrev,"",%progbits
 783              	.Ldebug_abbrev0:
 784 0000 01       		.uleb128 0x1
 785 0001 11       		.uleb128 0x11
 786 0002 01       		.byte	0x1
 787 0003 25       		.uleb128 0x25
 788 0004 0E       		.uleb128 0xe
 789 0005 13       		.uleb128 0x13
 790 0006 0B       		.uleb128 0xb
 791 0007 03       		.uleb128 0x3
 792 0008 0E       		.uleb128 0xe
 793 0009 1B       		.uleb128 0x1b
 794 000a 0E       		.uleb128 0xe
 795 000b 55       		.uleb128 0x55
 796 000c 17       		.uleb128 0x17
 797 000d 11       		.uleb128 0x11
 798 000e 01       		.uleb128 0x1
 799 000f 10       		.uleb128 0x10
 800 0010 17       		.uleb128 0x17
 801 0011 00       		.byte	0
 802 0012 00       		.byte	0
 803 0013 02       		.uleb128 0x2
 804 0014 24       		.uleb128 0x24
 805 0015 00       		.byte	0
 806 0016 0B       		.uleb128 0xb
 807 0017 0B       		.uleb128 0xb
 808 0018 3E       		.uleb128 0x3e
 809 0019 0B       		.uleb128 0xb
 810 001a 03       		.uleb128 0x3
 811 001b 08       		.uleb128 0x8
 812 001c 00       		.byte	0
 813 001d 00       		.byte	0
 814 001e 03       		.uleb128 0x3
 815 001f 16       		.uleb128 0x16
 816 0020 00       		.byte	0
 817 0021 03       		.uleb128 0x3
 818 0022 0E       		.uleb128 0xe
 819 0023 3A       		.uleb128 0x3a
 820 0024 0B       		.uleb128 0xb
 821 0025 3B       		.uleb128 0x3b
 822 0026 0B       		.uleb128 0xb
 823 0027 49       		.uleb128 0x49
 824 0028 13       		.uleb128 0x13
 825 0029 00       		.byte	0
 826 002a 00       		.byte	0
 827 002b 04       		.uleb128 0x4
 828 002c 24       		.uleb128 0x24
 829 002d 00       		.byte	0
 830 002e 0B       		.uleb128 0xb
 831 002f 0B       		.uleb128 0xb
 832 0030 3E       		.uleb128 0x3e
 833 0031 0B       		.uleb128 0xb
 834 0032 03       		.uleb128 0x3
 835 0033 0E       		.uleb128 0xe
 836 0034 00       		.byte	0
 837 0035 00       		.byte	0
ARM GAS  C:\Users\wmd\AppData\Local\Temp\ccQubt3Q.s 			page 21


 838 0036 05       		.uleb128 0x5
 839 0037 0F       		.uleb128 0xf
 840 0038 00       		.byte	0
 841 0039 0B       		.uleb128 0xb
 842 003a 0B       		.uleb128 0xb
 843 003b 00       		.byte	0
 844 003c 00       		.byte	0
 845 003d 06       		.uleb128 0x6
 846 003e 16       		.uleb128 0x16
 847 003f 00       		.byte	0
 848 0040 03       		.uleb128 0x3
 849 0041 0E       		.uleb128 0xe
 850 0042 3A       		.uleb128 0x3a
 851 0043 0B       		.uleb128 0xb
 852 0044 3B       		.uleb128 0x3b
 853 0045 05       		.uleb128 0x5
 854 0046 49       		.uleb128 0x49
 855 0047 13       		.uleb128 0x13
 856 0048 00       		.byte	0
 857 0049 00       		.byte	0
 858 004a 07       		.uleb128 0x7
 859 004b 35       		.uleb128 0x35
 860 004c 00       		.byte	0
 861 004d 49       		.uleb128 0x49
 862 004e 13       		.uleb128 0x13
 863 004f 00       		.byte	0
 864 0050 00       		.byte	0
 865 0051 08       		.uleb128 0x8
 866 0052 2E       		.uleb128 0x2e
 867 0053 01       		.byte	0x1
 868 0054 03       		.uleb128 0x3
 869 0055 0E       		.uleb128 0xe
 870 0056 3A       		.uleb128 0x3a
 871 0057 0B       		.uleb128 0xb
 872 0058 3B       		.uleb128 0x3b
 873 0059 0B       		.uleb128 0xb
 874 005a 27       		.uleb128 0x27
 875 005b 19       		.uleb128 0x19
 876 005c 11       		.uleb128 0x11
 877 005d 01       		.uleb128 0x1
 878 005e 12       		.uleb128 0x12
 879 005f 06       		.uleb128 0x6
 880 0060 40       		.uleb128 0x40
 881 0061 18       		.uleb128 0x18
 882 0062 9642     		.uleb128 0x2116
 883 0064 19       		.uleb128 0x19
 884 0065 01       		.uleb128 0x1
 885 0066 13       		.uleb128 0x13
 886 0067 00       		.byte	0
 887 0068 00       		.byte	0
 888 0069 09       		.uleb128 0x9
 889 006a 05       		.uleb128 0x5
 890 006b 00       		.byte	0
 891 006c 03       		.uleb128 0x3
 892 006d 08       		.uleb128 0x8
 893 006e 3A       		.uleb128 0x3a
 894 006f 0B       		.uleb128 0xb
ARM GAS  C:\Users\wmd\AppData\Local\Temp\ccQubt3Q.s 			page 22


 895 0070 3B       		.uleb128 0x3b
 896 0071 0B       		.uleb128 0xb
 897 0072 49       		.uleb128 0x49
 898 0073 13       		.uleb128 0x13
 899 0074 02       		.uleb128 0x2
 900 0075 18       		.uleb128 0x18
 901 0076 00       		.byte	0
 902 0077 00       		.byte	0
 903 0078 0A       		.uleb128 0xa
 904 0079 05       		.uleb128 0x5
 905 007a 00       		.byte	0
 906 007b 03       		.uleb128 0x3
 907 007c 0E       		.uleb128 0xe
 908 007d 3A       		.uleb128 0x3a
 909 007e 0B       		.uleb128 0xb
 910 007f 3B       		.uleb128 0x3b
 911 0080 0B       		.uleb128 0xb
 912 0081 49       		.uleb128 0x49
 913 0082 13       		.uleb128 0x13
 914 0083 02       		.uleb128 0x2
 915 0084 18       		.uleb128 0x18
 916 0085 00       		.byte	0
 917 0086 00       		.byte	0
 918 0087 0B       		.uleb128 0xb
 919 0088 0F       		.uleb128 0xf
 920 0089 00       		.byte	0
 921 008a 0B       		.uleb128 0xb
 922 008b 0B       		.uleb128 0xb
 923 008c 49       		.uleb128 0x49
 924 008d 13       		.uleb128 0x13
 925 008e 00       		.byte	0
 926 008f 00       		.byte	0
 927 0090 0C       		.uleb128 0xc
 928 0091 26       		.uleb128 0x26
 929 0092 00       		.byte	0
 930 0093 00       		.byte	0
 931 0094 00       		.byte	0
 932 0095 0D       		.uleb128 0xd
 933 0096 2E       		.uleb128 0x2e
 934 0097 00       		.byte	0
 935 0098 03       		.uleb128 0x3
 936 0099 0E       		.uleb128 0xe
 937 009a 3A       		.uleb128 0x3a
 938 009b 0B       		.uleb128 0xb
 939 009c 3B       		.uleb128 0x3b
 940 009d 0B       		.uleb128 0xb
 941 009e 27       		.uleb128 0x27
 942 009f 19       		.uleb128 0x19
 943 00a0 11       		.uleb128 0x11
 944 00a1 01       		.uleb128 0x1
 945 00a2 12       		.uleb128 0x12
 946 00a3 06       		.uleb128 0x6
 947 00a4 40       		.uleb128 0x40
 948 00a5 18       		.uleb128 0x18
 949 00a6 9642     		.uleb128 0x2116
 950 00a8 19       		.uleb128 0x19
 951 00a9 00       		.byte	0
ARM GAS  C:\Users\wmd\AppData\Local\Temp\ccQubt3Q.s 			page 23


 952 00aa 00       		.byte	0
 953 00ab 0E       		.uleb128 0xe
 954 00ac 2E       		.uleb128 0x2e
 955 00ad 00       		.byte	0
 956 00ae 03       		.uleb128 0x3
 957 00af 0E       		.uleb128 0xe
 958 00b0 3A       		.uleb128 0x3a
 959 00b1 0B       		.uleb128 0xb
 960 00b2 3B       		.uleb128 0x3b
 961 00b3 0B       		.uleb128 0xb
 962 00b4 27       		.uleb128 0x27
 963 00b5 19       		.uleb128 0x19
 964 00b6 11       		.uleb128 0x11
 965 00b7 01       		.uleb128 0x1
 966 00b8 12       		.uleb128 0x12
 967 00b9 06       		.uleb128 0x6
 968 00ba 40       		.uleb128 0x40
 969 00bb 18       		.uleb128 0x18
 970 00bc 9742     		.uleb128 0x2117
 971 00be 19       		.uleb128 0x19
 972 00bf 00       		.byte	0
 973 00c0 00       		.byte	0
 974 00c1 0F       		.uleb128 0xf
 975 00c2 2E       		.uleb128 0x2e
 976 00c3 01       		.byte	0x1
 977 00c4 3F       		.uleb128 0x3f
 978 00c5 19       		.uleb128 0x19
 979 00c6 03       		.uleb128 0x3
 980 00c7 0E       		.uleb128 0xe
 981 00c8 3A       		.uleb128 0x3a
 982 00c9 0B       		.uleb128 0xb
 983 00ca 3B       		.uleb128 0x3b
 984 00cb 0B       		.uleb128 0xb
 985 00cc 27       		.uleb128 0x27
 986 00cd 19       		.uleb128 0x19
 987 00ce 11       		.uleb128 0x11
 988 00cf 01       		.uleb128 0x1
 989 00d0 12       		.uleb128 0x12
 990 00d1 06       		.uleb128 0x6
 991 00d2 40       		.uleb128 0x40
 992 00d3 18       		.uleb128 0x18
 993 00d4 9642     		.uleb128 0x2116
 994 00d6 19       		.uleb128 0x19
 995 00d7 00       		.byte	0
 996 00d8 00       		.byte	0
 997 00d9 10       		.uleb128 0x10
 998 00da 0B       		.uleb128 0xb
 999 00db 01       		.byte	0x1
 1000 00dc 11       		.uleb128 0x11
 1001 00dd 01       		.uleb128 0x1
 1002 00de 12       		.uleb128 0x12
 1003 00df 06       		.uleb128 0x6
 1004 00e0 00       		.byte	0
 1005 00e1 00       		.byte	0
 1006 00e2 11       		.uleb128 0x11
 1007 00e3 13       		.uleb128 0x13
 1008 00e4 01       		.byte	0x1
ARM GAS  C:\Users\wmd\AppData\Local\Temp\ccQubt3Q.s 			page 24


 1009 00e5 0B       		.uleb128 0xb
 1010 00e6 0B       		.uleb128 0xb
 1011 00e7 3A       		.uleb128 0x3a
 1012 00e8 0B       		.uleb128 0xb
 1013 00e9 3B       		.uleb128 0x3b
 1014 00ea 0B       		.uleb128 0xb
 1015 00eb 01       		.uleb128 0x1
 1016 00ec 13       		.uleb128 0x13
 1017 00ed 00       		.byte	0
 1018 00ee 00       		.byte	0
 1019 00ef 12       		.uleb128 0x12
 1020 00f0 0D       		.uleb128 0xd
 1021 00f1 00       		.byte	0
 1022 00f2 03       		.uleb128 0x3
 1023 00f3 0E       		.uleb128 0xe
 1024 00f4 3A       		.uleb128 0x3a
 1025 00f5 0B       		.uleb128 0xb
 1026 00f6 3B       		.uleb128 0x3b
 1027 00f7 0B       		.uleb128 0xb
 1028 00f8 49       		.uleb128 0x49
 1029 00f9 13       		.uleb128 0x13
 1030 00fa 38       		.uleb128 0x38
 1031 00fb 0B       		.uleb128 0xb
 1032 00fc 00       		.byte	0
 1033 00fd 00       		.byte	0
 1034 00fe 13       		.uleb128 0x13
 1035 00ff 01       		.uleb128 0x1
 1036 0100 01       		.byte	0x1
 1037 0101 49       		.uleb128 0x49
 1038 0102 13       		.uleb128 0x13
 1039 0103 01       		.uleb128 0x1
 1040 0104 13       		.uleb128 0x13
 1041 0105 00       		.byte	0
 1042 0106 00       		.byte	0
 1043 0107 14       		.uleb128 0x14
 1044 0108 21       		.uleb128 0x21
 1045 0109 00       		.byte	0
 1046 010a 49       		.uleb128 0x49
 1047 010b 13       		.uleb128 0x13
 1048 010c 2F       		.uleb128 0x2f
 1049 010d 0B       		.uleb128 0xb
 1050 010e 00       		.byte	0
 1051 010f 00       		.byte	0
 1052 0110 15       		.uleb128 0x15
 1053 0111 34       		.uleb128 0x34
 1054 0112 00       		.byte	0
 1055 0113 03       		.uleb128 0x3
 1056 0114 0E       		.uleb128 0xe
 1057 0115 3A       		.uleb128 0x3a
 1058 0116 0B       		.uleb128 0xb
 1059 0117 3B       		.uleb128 0x3b
 1060 0118 0B       		.uleb128 0xb
 1061 0119 49       		.uleb128 0x49
 1062 011a 13       		.uleb128 0x13
 1063 011b 02       		.uleb128 0x2
 1064 011c 18       		.uleb128 0x18
 1065 011d 00       		.byte	0
ARM GAS  C:\Users\wmd\AppData\Local\Temp\ccQubt3Q.s 			page 25


 1066 011e 00       		.byte	0
 1067 011f 16       		.uleb128 0x16
 1068 0120 26       		.uleb128 0x26
 1069 0121 00       		.byte	0
 1070 0122 49       		.uleb128 0x49
 1071 0123 13       		.uleb128 0x13
 1072 0124 00       		.byte	0
 1073 0125 00       		.byte	0
 1074 0126 17       		.uleb128 0x17
 1075 0127 34       		.uleb128 0x34
 1076 0128 00       		.byte	0
 1077 0129 03       		.uleb128 0x3
 1078 012a 08       		.uleb128 0x8
 1079 012b 3A       		.uleb128 0x3a
 1080 012c 0B       		.uleb128 0xb
 1081 012d 3B       		.uleb128 0x3b
 1082 012e 0B       		.uleb128 0xb
 1083 012f 49       		.uleb128 0x49
 1084 0130 13       		.uleb128 0x13
 1085 0131 02       		.uleb128 0x2
 1086 0132 18       		.uleb128 0x18
 1087 0133 00       		.byte	0
 1088 0134 00       		.byte	0
 1089 0135 18       		.uleb128 0x18
 1090 0136 34       		.uleb128 0x34
 1091 0137 00       		.byte	0
 1092 0138 03       		.uleb128 0x3
 1093 0139 08       		.uleb128 0x8
 1094 013a 3A       		.uleb128 0x3a
 1095 013b 0B       		.uleb128 0xb
 1096 013c 3B       		.uleb128 0x3b
 1097 013d 05       		.uleb128 0x5
 1098 013e 49       		.uleb128 0x49
 1099 013f 13       		.uleb128 0x13
 1100 0140 02       		.uleb128 0x2
 1101 0141 18       		.uleb128 0x18
 1102 0142 00       		.byte	0
 1103 0143 00       		.byte	0
 1104 0144 00       		.byte	0
 1105              		.section	.debug_aranges,"",%progbits
 1106 0000 44000000 		.4byte	0x44
 1107 0004 0200     		.2byte	0x2
 1108 0006 00000000 		.4byte	.Ldebug_info0
 1109 000a 04       		.byte	0x4
 1110 000b 00       		.byte	0
 1111 000c 0000     		.2byte	0
 1112 000e 0000     		.2byte	0
 1113 0010 00000000 		.4byte	.LFB2
 1114 0014 1E000000 		.4byte	.LFE2-.LFB2
 1115 0018 00000000 		.4byte	.LFB3
 1116 001c 22000000 		.4byte	.LFE3-.LFB3
 1117 0020 00000000 		.4byte	.LFB4
 1118 0024 22000000 		.4byte	.LFE4-.LFB4
 1119 0028 00000000 		.4byte	.LFB5
 1120 002c D0000000 		.4byte	.LFE5-.LFB5
 1121 0030 00000000 		.4byte	.LFB6
 1122 0034 28000000 		.4byte	.LFE6-.LFB6
ARM GAS  C:\Users\wmd\AppData\Local\Temp\ccQubt3Q.s 			page 26


 1123 0038 D0000000 		.4byte	.LFB7
 1124 003c 28010000 		.4byte	.LFE7-.LFB7
 1125 0040 00000000 		.4byte	0
 1126 0044 00000000 		.4byte	0
 1127              		.section	.debug_ranges,"",%progbits
 1128              	.Ldebug_ranges0:
 1129 0000 00000000 		.4byte	.LFB2
 1130 0004 1E000000 		.4byte	.LFE2
 1131 0008 00000000 		.4byte	.LFB3
 1132 000c 22000000 		.4byte	.LFE3
 1133 0010 00000000 		.4byte	.LFB4
 1134 0014 22000000 		.4byte	.LFE4
 1135 0018 00000000 		.4byte	.LFB5
 1136 001c D0000000 		.4byte	.LFE5
 1137 0020 00000000 		.4byte	.LFB6
 1138 0024 28000000 		.4byte	.LFE6
 1139 0028 D0000000 		.4byte	.LFB7
 1140 002c F8010000 		.4byte	.LFE7
 1141 0030 00000000 		.4byte	0
 1142 0034 00000000 		.4byte	0
 1143              		.section	.debug_line,"",%progbits
 1144              	.Ldebug_line0:
 1145 0000 6A010000 		.section	.debug_str,"MS",%progbits,1
 1145      0200C700 
 1145      00000201 
 1145      FB0E0D00 
 1145      01010101 
 1146              	.LASF18:
 1147 0000 72656733 		.ascii	"reg32\000"
 1147      3200
 1148              	.LASF11:
 1149 0006 73697A65 		.ascii	"size_t\000"
 1149      5F7400
 1150              	.LASF24:
 1151 000d 416E616C 		.ascii	"AnalogSetDefault\000"
 1151      6F675365 
 1151      74446566 
 1151      61756C74 
 1151      00
 1152              	.LASF31:
 1153 001e 433A5C55 		.ascii	"C:\\Users\\wmd\\Documents\\PSoC Creator\\Design05\\"
 1153      73657273 
 1153      5C776D64 
 1153      5C446F63 
 1153      756D656E 
 1154 004b 44657369 		.ascii	"Design05.cydsn\000"
 1154      676E3035 
 1154      2E637964 
 1154      736E00
 1155              	.LASF28:
 1156 005a 6366675F 		.ascii	"cfg_memset_list\000"
 1156      6D656D73 
 1156      65745F6C 
 1156      69737400 
 1157              	.LASF23:
 1158 006a 436C6F63 		.ascii	"ClockSetup\000"
 1158      6B536574 
ARM GAS  C:\Users\wmd\AppData\Local\Temp\ccQubt3Q.s 			page 27


 1158      757000
 1159              	.LASF4:
 1160 0075 73686F72 		.ascii	"short unsigned int\000"
 1160      7420756E 
 1160      7369676E 
 1160      65642069 
 1160      6E7400
 1161              	.LASF15:
 1162 0088 666C6F61 		.ascii	"float\000"
 1162      7400
 1163              	.LASF29:
 1164 008e 474E5520 		.ascii	"GNU C 4.8.4 20140526 (release) [ARM/embedded-4_8-br"
 1164      4320342E 
 1164      382E3420 
 1164      32303134 
 1164      30353236 
 1165 00c1 616E6368 		.ascii	"anch revision 211358] -mcpu=cortex-m0 -mthumb -g -O"
 1165      20726576 
 1165      6973696F 
 1165      6E203231 
 1165      31333538 
 1166 00f4 30202D66 		.ascii	"0 -ffunction-sections\000"
 1166      66756E63 
 1166      74696F6E 
 1166      2D736563 
 1166      74696F6E 
 1167              	.LASF21:
 1168 010a 64657374 		.ascii	"dest\000"
 1168      00
 1169              	.LASF26:
 1170 010f 73697A65 		.ascii	"size\000"
 1170      00
 1171              	.LASF17:
 1172 0114 72656738 		.ascii	"reg8\000"
 1172      00
 1173              	.LASF6:
 1174 0119 6C6F6E67 		.ascii	"long unsigned int\000"
 1174      20756E73 
 1174      69676E65 
 1174      6420696E 
 1174      7400
 1175              	.LASF12:
 1176 012b 75696E74 		.ascii	"uint8\000"
 1176      3800
 1177              	.LASF19:
 1178 0131 43594D45 		.ascii	"CYMEMZERO\000"
 1178      4D5A4552 
 1178      4F00
 1179              	.LASF2:
 1180 013b 756E7369 		.ascii	"unsigned char\000"
 1180      676E6564 
 1180      20636861 
 1180      7200
 1181              	.LASF16:
 1182 0149 646F7562 		.ascii	"double\000"
 1182      6C6500
 1183              	.LASF32:
ARM GAS  C:\Users\wmd\AppData\Local\Temp\ccQubt3Q.s 			page 28


 1184 0150 63796669 		.ascii	"cyfitter_cfg\000"
 1184      74746572 
 1184      5F636667 
 1184      00
 1185              	.LASF13:
 1186 015d 75696E74 		.ascii	"uint16\000"
 1186      313600
 1187              	.LASF14:
 1188 0164 75696E74 		.ascii	"uint32\000"
 1188      333200
 1189              	.LASF0:
 1190 016b 756E7369 		.ascii	"unsigned int\000"
 1190      676E6564 
 1190      20696E74 
 1190      00
 1191              	.LASF25:
 1192 0178 61646472 		.ascii	"address\000"
 1192      65737300 
 1193              	.LASF8:
 1194 0180 6C6F6E67 		.ascii	"long long unsigned int\000"
 1194      206C6F6E 
 1194      6720756E 
 1194      7369676E 
 1194      65642069 
 1195              	.LASF27:
 1196 0197 6366675F 		.ascii	"cfg_memset_t\000"
 1196      6D656D73 
 1196      65745F74 
 1196      00
 1197              	.LASF30:
 1198 01a4 2E5C4765 		.ascii	".\\Generated_Source\\PSoC4\\cyfitter_cfg.c\000"
 1198      6E657261 
 1198      7465645F 
 1198      536F7572 
 1198      63655C50 
 1199              	.LASF9:
 1200 01cc 73697A65 		.ascii	"sizetype\000"
 1200      74797065 
 1200      00
 1201              	.LASF7:
 1202 01d5 6C6F6E67 		.ascii	"long long int\000"
 1202      206C6F6E 
 1202      6720696E 
 1202      7400
 1203              	.LASF10:
 1204 01e3 63686172 		.ascii	"char\000"
 1204      00
 1205              	.LASF3:
 1206 01e8 73686F72 		.ascii	"short int\000"
 1206      7420696E 
 1206      7400
 1207              	.LASF5:
 1208 01f2 6C6F6E67 		.ascii	"long int\000"
 1208      20696E74 
 1208      00
 1209              	.LASF1:
 1210 01fb 7369676E 		.ascii	"signed char\000"
ARM GAS  C:\Users\wmd\AppData\Local\Temp\ccQubt3Q.s 			page 29


 1210      65642063 
 1210      68617200 
 1211              	.LASF22:
 1212 0207 4359434F 		.ascii	"CYCONFIGCPYCODE\000"
 1212      4E464947 
 1212      43505943 
 1212      4F444500 
 1213              	.LASF20:
 1214 0217 4359434F 		.ascii	"CYCONFIGCPY\000"
 1214      4E464947 
 1214      43505900 
 1215              		.ident	"GCC: (GNU Tools for ARM Embedded Processors) 4.8.4 20140526 (release) [ARM/embedded-4_8-br
